  glad.c
  main.cpp
d:\opengl\projects\opengl_project-nanosuit\opengl_project-nanosuit\openglproject_light\openglproject_light\main.cpp(79): warning C4244: 'initializing': conversion from 'double' to 'float', possible loss of data
d:\opengl\projects\opengl_project-nanosuit\opengl_project-nanosuit\openglproject_light\openglproject_light\main.cpp(183): warning C4244: 'initializing': conversion from 'double' to 'float', possible loss of data
d:\opengl\projects\opengl_project-nanosuit\opengl_project-nanosuit\openglproject_light\openglproject_light\main.cpp(184): warning C4244: 'initializing': conversion from 'double' to 'float', possible loss of data
d:\opengl\projects\opengl_project-nanosuit\opengl_project-nanosuit\openglproject_light\openglproject_light\main.cpp(188): warning C4305: 'initializing': truncation from 'double' to 'float'
main.obj : error LNK2019: unresolved external symbol glfwInit referenced in function "int __cdecl initialize(void)" (?initialize@@YAHXZ)
main.obj : error LNK2019: unresolved external symbol glfwWindowHint referenced in function "int __cdecl initialize(void)" (?initialize@@YAHXZ)
main.obj : error LNK2019: unresolved external symbol glfwCreateWindow referenced in function main
main.obj : error LNK2019: unresolved external symbol glfwWindowShouldClose referenced in function main
main.obj : error LNK2019: unresolved external symbol glfwSetWindowShouldClose referenced in function "void __cdecl processInput(struct GLFWwindow *)" (?processInput@@YAXPEAUGLFWwindow@@@Z)
main.obj : error LNK2019: unresolved external symbol glfwSetFramebufferSizeCallback referenced in function main
main.obj : error LNK2019: unresolved external symbol glfwPollEvents referenced in function main
main.obj : error LNK2019: unresolved external symbol glfwSetInputMode referenced in function main
main.obj : error LNK2019: unresolved external symbol glfwGetKey referenced in function "void __cdecl processInput(struct GLFWwindow *)" (?processInput@@YAXPEAUGLFWwindow@@@Z)
main.obj : error LNK2019: unresolved external symbol glfwSetCursorPosCallback referenced in function main
main.obj : error LNK2019: unresolved external symbol glfwGetTime referenced in function main
main.obj : error LNK2019: unresolved external symbol glfwMakeContextCurrent referenced in function main
main.obj : error LNK2019: unresolved external symbol glfwSwapBuffers referenced in function main
main.obj : error LNK2019: unresolved external symbol glfwGetProcAddress referenced in function main
D:\OpenGL\Libraries\Libs\glfw3.lib : warning LNK4272: library machine type 'x86' conflicts with target machine type 'x64'
D:\OpenGL\Projects\OpenGL_project-nanosuit\OpenGL_project-nanosuit\OpenGLproject_light\x64\Debug\OpenGL_model.exe : fatal error LNK1120: 14 unresolved externals
